Using pre-set license
Built from '2021.3/staging' branch; Version is '2021.3.16f1 (4016570cf34f) revision 4200023'; Using compiler version '192829333'; Build Type 'Release'
OS: 'Windows 10  (10.0.19045) 64bit Core' Language: 'ru' Physical Memory: 8156 MB
BatchMode: 1, IsHumanControllingUs: 0, StartBugReporterOnCrash: 0, Is64bit: 1, IsPro: 1

COMMAND LINE ARGUMENTS:
C:\Unity\2021.3.16f1\Editor\Unity.exe
-adb2
-batchMode
-noUpm
-name
AssetImportWorker0
-projectPath
C:/Unity/Game/FeniksGame
-logFile
Logs/AssetImportWorker0.log
-srvPort
59367
Successfully changed project path to: C:/Unity/Game/FeniksGame
C:/Unity/Game/FeniksGame
[UnityMemory] Configuration Parameters - Can be set up in boot.config
    "memorysetup-bucket-allocator-granularity=16"
    "memorysetup-bucket-allocator-bucket-count=8"
    "memorysetup-bucket-allocator-block-size=33554432"
    "memorysetup-bucket-allocator-block-count=8"
    "memorysetup-main-allocator-block-size=16777216"
    "memorysetup-thread-allocator-block-size=16777216"
    "memorysetup-gfx-main-allocator-block-size=16777216"
    "memorysetup-gfx-thread-allocator-block-size=16777216"
    "memorysetup-cache-allocator-block-size=4194304"
    "memorysetup-typetree-allocator-block-size=2097152"
    "memorysetup-profiler-bucket-allocator-granularity=16"
    "memorysetup-profiler-bucket-allocator-bucket-count=8"
    "memorysetup-profiler-bucket-allocator-block-size=33554432"
    "memorysetup-profiler-bucket-allocator-block-count=8"
    "memorysetup-profiler-allocator-block-size=16777216"
    "memorysetup-profiler-editor-allocator-block-size=1048576"
    "memorysetup-temp-allocator-size-main=16777216"
    "memorysetup-job-temp-allocator-block-size=2097152"
    "memorysetup-job-temp-allocator-block-size-background=1048576"
    "memorysetup-job-temp-allocator-reduction-small-platforms=262144"
    "memorysetup-temp-allocator-size-background-worker=32768"
    "memorysetup-temp-allocator-size-job-worker=262144"
    "memorysetup-temp-allocator-size-preload-manager=33554432"
    "memorysetup-temp-allocator-size-nav-mesh-worker=65536"
    "memorysetup-temp-allocator-size-audio-worker=65536"
    "memorysetup-temp-allocator-size-cloud-worker=32768"
    "memorysetup-temp-allocator-size-gi-baking-worker=262144"
    "memorysetup-temp-allocator-size-gfx=262144"
Player connection [1296] Host "[IP] 192.168.0.106 [Port] 0 [Flags] 2 [Guid] 3758066495 [EditorId] 3758066495 [Version] 1048832 [Id] WindowsEditor(7,DESKTOP-OSAKMFO) [Debug] 1 [PackageName] WindowsEditor [ProjectName] Editor" joined multi-casting on [225.0.0.222:54997]...

Player connection [1296] Host "[IP] 192.168.0.106 [Port] 0 [Flags] 2 [Guid] 3758066495 [EditorId] 3758066495 [Version] 1048832 [Id] WindowsEditor(7,DESKTOP-OSAKMFO) [Debug] 1 [PackageName] WindowsEditor [ProjectName] Editor" joined alternative multi-casting on [225.0.0.222:34997]...

Refreshing native plugins compatible for Editor in 753.53 ms, found 3 plugins.
Preloading 0 native plugins for Editor in 0.00 ms.
Initialize engine version: 2021.3.16f1 (4016570cf34f)
[Subsystems] Discovering subsystems at path C:/Unity/2021.3.16f1/Editor/Data/Resources/UnitySubsystems
[Subsystems] Discovering subsystems at path C:/Unity/Game/FeniksGame/Assets
GfxDevice: creating device client; threaded=0; jobified=0
Direct3D:
    Version:  Direct3D 11.0 [level 11.0]
    Renderer: NVIDIA GeForce GT 440 (ID=0xde0)
    Vendor:   NVIDIA
    VRAM:     969 MB
    Driver:   23.21.13.9135
Initialize mono
Mono path[0] = 'C:/Unity/2021.3.16f1/Editor/Data/Managed'
Mono path[1] = 'C:/Unity/2021.3.16f1/Editor/Data/MonoBleedingEdge/lib/mono/unityjit-win32'
Mono config path = 'C:/Unity/2021.3.16f1/Editor/Data/MonoBleedingEdge/etc'
Using monoOptions --debugger-agent=transport=dt_socket,embedding=1,server=y,suspend=n,address=127.0.0.1:56652
Begin MonoManager ReloadAssembly
Registering precompiled unity dll's ...
Register platform support module: C:/Unity/2021.3.16f1/Editor/Data/PlaybackEngines/WebGLSupport/UnityEditor.WebGL.Extensions.dll
Register platform support module: C:/Unity/2021.3.16f1/Editor/Data/PlaybackEngines/WindowsStandaloneSupport/UnityEditor.WindowsStandalone.Extensions.dll
Registered in 0.012965 seconds.
Native extension for WindowsStandalone target not found
Native extension for WebGL target not found
Refreshing native plugins compatible for Editor in 355.50 ms, found 3 plugins.
Preloading 0 native plugins for Editor in 0.00 ms.
Mono: successfully reloaded assembly
- Completed reload, in  1.897 seconds
Domain Reload Profiling:
	ReloadAssembly (1899ms)
		BeginReloadAssembly (169ms)
			ExecutionOrderSort (0ms)
			DisableScriptedObjects (0ms)
			BackupInstance (0ms)
			ReleaseScriptingObjects (0ms)
			CreateAndSetChildDomain (2ms)
		EndReloadAssembly (1526ms)
			LoadAssemblies (165ms)
			RebuildTransferFunctionScriptingTraits (0ms)
			SetupTypeCache (236ms)
			ReleaseScriptCaches (0ms)
			RebuildScriptCaches (74ms)
			SetupLoadedEditorAssemblies (1089ms)
				LogAssemblyErrors (0ms)
				InitializePlatformSupportModulesInManaged (22ms)
				SetLoadedEditorAssemblies (0ms)
				RefreshPlugins (356ms)
				BeforeProcessingInitializeOnLoad (8ms)
				ProcessInitializeOnLoadAttributes (491ms)
				ProcessInitializeOnLoadMethodAttributes (212ms)
				AfterProcessingInitializeOnLoad (0ms)
				EditorAssembliesLoaded (0ms)
			ExecutionOrderSort2 (0ms)
			AwakeInstancesAfterBackupRestoration (0ms)
Platform modules already initialized, skipping
Registering precompiled user dll's ...
Registered in 0.035070 seconds.
Begin MonoManager ReloadAssembly
Symbol file LoadedFromMemory doesn't match image C:\Unity\Game\FeniksGame\Library\PackageCache\com.unity.visualscripting@1.7.8\Editor\VisualScripting.Core\Dependencies\YamlDotNet\Unity.VisualScripting.YamlDotNet.dll
Symbol file LoadedFromMemory doesn't match image C:\Unity\Game\FeniksGame\Library\PackageCache\com.unity.visualscripting@1.7.8\Editor\VisualScripting.Core\Dependencies\DotNetZip\Unity.VisualScripting.IonicZip.dll
Native extension for WindowsStandalone target not found
Native extension for WebGL target not found
Refreshing native plugins compatible for Editor in 1.77 ms, found 3 plugins.
Preloading 0 native plugins for Editor in 0.00 ms.
Mono: successfully reloaded assembly
- Completed reload, in  3.578 seconds
Domain Reload Profiling:
	ReloadAssembly (3579ms)
		BeginReloadAssembly (360ms)
			ExecutionOrderSort (0ms)
			DisableScriptedObjects (25ms)
			BackupInstance (0ms)
			ReleaseScriptingObjects (0ms)
			CreateAndSetChildDomain (46ms)
		EndReloadAssembly (2898ms)
			LoadAssemblies (305ms)
			RebuildTransferFunctionScriptingTraits (0ms)
			SetupTypeCache (1018ms)
			ReleaseScriptCaches (1ms)
			RebuildScriptCaches (245ms)
			SetupLoadedEditorAssemblies (1200ms)
				LogAssemblyErrors (0ms)
				InitializePlatformSupportModulesInManaged (31ms)
				SetLoadedEditorAssemblies (1ms)
				RefreshPlugins (2ms)
				BeforeProcessingInitializeOnLoad (305ms)
				ProcessInitializeOnLoadAttributes (762ms)
				ProcessInitializeOnLoadMethodAttributes (80ms)
				AfterProcessingInitializeOnLoad (19ms)
				EditorAssembliesLoaded (0ms)
			ExecutionOrderSort2 (0ms)
			AwakeInstancesAfterBackupRestoration (21ms)
Platform modules already initialized, skipping
========================================================================
Worker process is ready to serve import requests
Launched and connected shader compiler UnityShaderCompiler.exe after 0.13 seconds
Refreshing native plugins compatible for Editor in 1.13 ms, found 3 plugins.
Preloading 0 native plugins for Editor in 0.00 ms.
Unloading 3760 Unused Serialized files (Serialized files now loaded: 0)
Unloading 26 unused Assets / (104.0 KB). Loaded Objects now: 4249.
Memory consumption went from 150.2 MB to 150.1 MB.
Total: 9.440100 ms (FindLiveObjects: 0.433100 ms CreateObjectMapping: 0.192500 ms MarkObjects: 8.560500 ms  DeleteObjects: 0.251900 ms)

AssetImportParameters requested are different than current active one (requested -> active):
  custom:video-decoder-ogg-theora: a1e56fd34408186e4bbccfd4996cb3dc -> 
  custom:container-muxer-webm: aa71ff27fc2769a1b78a27578f13a17b -> 
  custom:container-demuxer-webm: 4f35f7cbe854078d1ac9338744f61a02 -> 
  custom:video-encoder-webm-vp8: eb34c28f22e8b96e1ab97ce403110664 -> 
  custom:audio-encoder-webm-vorbis: bf7c407c2cedff20999df2af8eb42d56 -> 
  custom:framework-win-MediaFoundation: 216162199b28c13a410421893ffa2e32 -> 
  custom:container-demuxer-ogg: 62fdf1f143b41e24485cea50d1cbac27 -> 
  custom:video-decoder-webm-vp8: 9c59270c3fd7afecdb556c50c9e8de78 -> 
  custom:audio-decoder-ogg-vorbis: bf7c407c2cedff20999df2af8eb42d56 -> 
========================================================================
Received Import Request.
  Time since last request: 162.468425 seconds.
  path: Assets/Prefabs/Home.prefab
  artifactKey: Guid(6fd78d3bdcb47074285d61515d19e6d6) Importer(815301076,1909f56bfc062723c751e8b465ee728b)
Start importing Assets/Prefabs/Home.prefab using Guid(6fd78d3bdcb47074285d61515d19e6d6) Importer(815301076,1909f56bfc062723c751e8b465ee728b)  -> (artifact id: 'e2132e5b37808dd056000adcb438511f') in 0.686832 seconds 
========================================================================
Received Import Request.
  Time since last request: 98.578907 seconds.
  path: Assets/Materials/Glass materials/Other materials/Maroon 1.mat
  artifactKey: Guid(2ddf1110bd603ca4f8e70eb851f6ff44) Importer(815301076,1909f56bfc062723c751e8b465ee728b)
Start importing Assets/Materials/Glass materials/Other materials/Maroon 1.mat using Guid(2ddf1110bd603ca4f8e70eb851f6ff44) Importer(815301076,1909f56bfc062723c751e8b465ee728b)  -> (artifact id: '6ccf71732b505c45cfad381eed313dbd') in 0.100723 seconds 
========================================================================
Received Import Request.
  Time since last request: 0.000035 seconds.
  path: Assets/Materials/Glass materials/Other materials/Maroon.mat
  artifactKey: Guid(5550878c100987a4fa9ff84b0a9b473a) Importer(815301076,1909f56bfc062723c751e8b465ee728b)
Start importing Assets/Materials/Glass materials/Other materials/Maroon.mat using Guid(5550878c100987a4fa9ff84b0a9b473a) Importer(815301076,1909f56bfc062723c751e8b465ee728b)  -> (artifact id: '828954acfcfe185d4b8ad5b2247dc45c') in 0.060916 seconds 
========================================================================
Received Import Request.
  Time since last request: 98.956315 seconds.
  path: Assets/Materials/Glass materials/1.mat
  artifactKey: Guid(6cd58419b399c3942aaf97018b1d93a5) Importer(815301076,1909f56bfc062723c751e8b465ee728b)
Start importing Assets/Materials/Glass materials/1.mat using Guid(6cd58419b399c3942aaf97018b1d93a5) Importer(815301076,1909f56bfc062723c751e8b465ee728b)  -> (artifact id: '6b6a0f387817cdaf8afc1db66beed508') in 0.021481 seconds 
========================================================================
Received Import Request.
  Time since last request: 93.756178 seconds.
  path: Assets/Materials/Blender/blender/textures/wood_floor_deck_diff_1k.jpg
  artifactKey: Guid(61086363a2522ce408398b8bf8b443b6) Importer(815301076,1909f56bfc062723c751e8b465ee728b)
Start importing Assets/Materials/Blender/blender/textures/wood_floor_deck_diff_1k.jpg using Guid(61086363a2522ce408398b8bf8b443b6) Importer(815301076,1909f56bfc062723c751e8b465ee728b)  -> (artifact id: '330d19b47f77fba0ed7afe7414c19473') in 0.118010 seconds 
========================================================================
Received Import Request.
  Time since last request: 0.000029 seconds.
  path: Assets/Materials/Blender/blender/textures/wood_floor_deck_disp_1k.png
  artifactKey: Guid(b3b56d822e639b04499dfe16b7116f81) Importer(815301076,1909f56bfc062723c751e8b465ee728b)
Start importing Assets/Materials/Blender/blender/textures/wood_floor_deck_disp_1k.png using Guid(b3b56d822e639b04499dfe16b7116f81) Importer(815301076,1909f56bfc062723c751e8b465ee728b)  -> (artifact id: 'd03c102747328219a59374b2462f32b4') in 0.055284 seconds 
========================================================================
Received Import Request.
  Time since last request: 0.000059 seconds.
  path: Assets/Materials/Blender/blender/textures/wood_floor_deck_rough_1k.exr
  artifactKey: Guid(3bef28b518d24a14294740f43167d56d) Importer(815301076,1909f56bfc062723c751e8b465ee728b)
Start importing Assets/Materials/Blender/blender/textures/wood_floor_deck_rough_1k.exr using Guid(3bef28b518d24a14294740f43167d56d) Importer(815301076,1909f56bfc062723c751e8b465ee728b)  -> (artifact id: '39b38782508e21b72ae955be0687260b') in 0.040713 seconds 
========================================================================
Received Import Request.
  Time since last request: 0.000032 seconds.
  path: Assets/Materials/Blender/blender/textures/wood_floor_deck_nor_gl_1k.exr
  artifactKey: Guid(d502442f4ba0c4b4ba91ed884977427a) Importer(815301076,1909f56bfc062723c751e8b465ee728b)
Start importing Assets/Materials/Blender/blender/textures/wood_floor_deck_nor_gl_1k.exr using Guid(d502442f4ba0c4b4ba91ed884977427a) Importer(815301076,1909f56bfc062723c751e8b465ee728b)  -> (artifact id: '72f9779e79467aafe9c758fbb29171c4') in 0.061398 seconds 
========================================================================
Received Import Request.
  Time since last request: 38.415032 seconds.
  path: Assets/Materials/M7
  artifactKey: Guid(c8bb4c1f7ee73a041b3e7a4d06774d8d) Importer(815301076,1909f56bfc062723c751e8b465ee728b)
Start importing Assets/Materials/M7 using Guid(c8bb4c1f7ee73a041b3e7a4d06774d8d) Importer(815301076,1909f56bfc062723c751e8b465ee728b)  -> (artifact id: '6a16a5a9c3862e09f2037778202471df') in 0.007753 seconds 
========================================================================
Received Import Request.
  Time since last request: 0.724773 seconds.
  path: Assets/Materials/M7/Tutorial
  artifactKey: Guid(13a82a0cac580ad45bae138c3d8663cf) Importer(815301076,1909f56bfc062723c751e8b465ee728b)
Start importing Assets/Materials/M7/Tutorial using Guid(13a82a0cac580ad45bae138c3d8663cf) Importer(815301076,1909f56bfc062723c751e8b465ee728b)  -> (artifact id: 'ead92489e71b73ac6fda19da92055ef7') in 0.009151 seconds 
========================================================================
Received Import Request.
  Time since last request: 0.076205 seconds.
  path: Assets/Materials/M7/Tutorial/mouse left.png
  artifactKey: Guid(4cc63387c6c082a4ab74bb0ee15ba3ac) Importer(815301076,1909f56bfc062723c751e8b465ee728b)
Start importing Assets/Materials/M7/Tutorial/mouse left.png using Guid(4cc63387c6c082a4ab74bb0ee15ba3ac) Importer(815301076,1909f56bfc062723c751e8b465ee728b)  -> (artifact id: 'a88faee5ef759e6912333a0e859ad4e5') in 0.060278 seconds 
========================================================================
Received Import Request.
  Time since last request: 0.000038 seconds.
  path: Assets/Materials/M7/Tutorial/mouse right.png
  artifactKey: Guid(6b214238a347baa4e9eb5f9ec1e1b1f1) Importer(815301076,1909f56bfc062723c751e8b465ee728b)
Start importing Assets/Materials/M7/Tutorial/mouse right.png using Guid(6b214238a347baa4e9eb5f9ec1e1b1f1) Importer(815301076,1909f56bfc062723c751e8b465ee728b)  -> (artifact id: '5e9432875d7917eec196f3a0b5a8bc90') in 0.042608 seconds 
========================================================================
Received Import Request.
  Time since last request: 0.000029 seconds.
  path: Assets/Materials/M7/Tutorial/mouse middle.png
  artifactKey: Guid(7b100d6454f27c74e93696213c84b437) Importer(815301076,1909f56bfc062723c751e8b465ee728b)
Start importing Assets/Materials/M7/Tutorial/mouse middle.png using Guid(7b100d6454f27c74e93696213c84b437) Importer(815301076,1909f56bfc062723c751e8b465ee728b)  -> (artifact id: '9d13022362393e6bd0007ea13b91f729') in 0.050084 seconds 
========================================================================
Received Import Request.
  Time since last request: 0.856117 seconds.
  path: Assets/Materials/M7/Tutorial/letters
  artifactKey: Guid(c7ce92d94d97f6548812d5469a01738f) Importer(815301076,1909f56bfc062723c751e8b465ee728b)
Start importing Assets/Materials/M7/Tutorial/letters using Guid(c7ce92d94d97f6548812d5469a01738f) Importer(815301076,1909f56bfc062723c751e8b465ee728b)  -> (artifact id: '8c3c48cdee9d6e9984cb4ad180be72ba') in 0.007173 seconds 
========================================================================
Received Import Request.
  Time since last request: 0.058877 seconds.
  path: Assets/Materials/M7/Tutorial/letters/C.png
  artifactKey: Guid(5337dbf6b9290c447a2c7d77bfac6351) Importer(815301076,1909f56bfc062723c751e8b465ee728b)
Start importing Assets/Materials/M7/Tutorial/letters/C.png using Guid(5337dbf6b9290c447a2c7d77bfac6351) Importer(815301076,1909f56bfc062723c751e8b465ee728b)  -> (artifact id: '6e1552cc9027d7eb7eb53e634cc0295a') in 0.045906 seconds 
========================================================================
Received Import Request.
  Time since last request: 0.000030 seconds.
  path: Assets/Materials/M7/Tutorial/letters/Q.png
  artifactKey: Guid(a7e797608e755c84a8a446cc58a9d6fa) Importer(815301076,1909f56bfc062723c751e8b465ee728b)
Start importing Assets/Materials/M7/Tutorial/letters/Q.png using Guid(a7e797608e755c84a8a446cc58a9d6fa) Importer(815301076,1909f56bfc062723c751e8b465ee728b)  -> (artifact id: '8ee78c6e2334698c2e69273df13eca64') in 0.031737 seconds 
========================================================================
Received Import Request.
  Time since last request: 0.000029 seconds.
  path: Assets/Materials/M7/Tutorial/letters/P.png
  artifactKey: Guid(8fb353bffb0aecd45893abe4a90c4a46) Importer(815301076,1909f56bfc062723c751e8b465ee728b)
Start importing Assets/Materials/M7/Tutorial/letters/P.png using Guid(8fb353bffb0aecd45893abe4a90c4a46) Importer(815301076,1909f56bfc062723c751e8b465ee728b)  -> (artifact id: '9730681ae99b26f1507ac74798f97d31') in 0.032597 seconds 
========================================================================
Received Import Request.
  Time since last request: 0.000034 seconds.
  path: Assets/Materials/M7/Tutorial/letters/N.png
  artifactKey: Guid(c9714a95671e33a40bfc5bdbc89749b6) Importer(815301076,1909f56bfc062723c751e8b465ee728b)
Start importing Assets/Materials/M7/Tutorial/letters/N.png using Guid(c9714a95671e33a40bfc5bdbc89749b6) Importer(815301076,1909f56bfc062723c751e8b465ee728b)  -> (artifact id: '873f7ddb7f28b6c4a788662a5212380e') in 0.031851 seconds 
========================================================================
Received Import Request.
  Time since last request: 0.000052 seconds.
  path: Assets/Materials/M7/Tutorial/letters/U.png
  artifactKey: Guid(9ec377ddd4738fb4e86ef7de32241b6a) Importer(815301076,1909f56bfc062723c751e8b465ee728b)
Start importing Assets/Materials/M7/Tutorial/letters/U.png using Guid(9ec377ddd4738fb4e86ef7de32241b6a) Importer(815301076,1909f56bfc062723c751e8b465ee728b)  -> (artifact id: '5ea22af0045ee7209f78effa0e5cbbd8') in 0.032422 seconds 
========================================================================
Received Import Request.
  Time since last request: 0.000036 seconds.
  path: Assets/Materials/M7/Tutorial/letters/X.png
  artifactKey: Guid(276d466b6b49e694aadcef2d50173bf2) Importer(815301076,1909f56bfc062723c751e8b465ee728b)
Start importing Assets/Materials/M7/Tutorial/letters/X.png using Guid(276d466b6b49e694aadcef2d50173bf2) Importer(815301076,1909f56bfc062723c751e8b465ee728b)  -> (artifact id: '1be045d2fc5165cee3698c83ba0aed1b') in 0.037060 seconds 
========================================================================
Received Import Request.
  Time since last request: 0.000030 seconds.
  path: Assets/Materials/M7/Tutorial/letters/E.png
  artifactKey: Guid(ad225022e5f778b45b86602f1c335770) Importer(815301076,1909f56bfc062723c751e8b465ee728b)
Start importing Assets/Materials/M7/Tutorial/letters/E.png using Guid(ad225022e5f778b45b86602f1c335770) Importer(815301076,1909f56bfc062723c751e8b465ee728b)  -> (artifact id: '3b1a010735c3753b146834804569c766') in 0.042270 seconds 
========================================================================
Received Import Request.
  Time since last request: 0.000029 seconds.
  path: Assets/Materials/M7/Tutorial/letters/S.png
  artifactKey: Guid(f824fbb3283439f4faf61ac5b2a08ec9) Importer(815301076,1909f56bfc062723c751e8b465ee728b)
Start importing Assets/Materials/M7/Tutorial/letters/S.png using Guid(f824fbb3283439f4faf61ac5b2a08ec9) Importer(815301076,1909f56bfc062723c751e8b465ee728b)  -> (artifact id: '8251e1320ba9a1cf7b3be96581056983') in 0.031059 seconds 
========================================================================
Received Import Request.
  Time since last request: 0.000027 seconds.
  path: Assets/Materials/M7/Tutorial/letters/Z.png
  artifactKey: Guid(add837cb8a291544bbc0926f794350cc) Importer(815301076,1909f56bfc062723c751e8b465ee728b)
Start importing Assets/Materials/M7/Tutorial/letters/Z.png using Guid(add837cb8a291544bbc0926f794350cc) Importer(815301076,1909f56bfc062723c751e8b465ee728b)  -> (artifact id: '7d0ada7959727450dfc173e129df64ea') in 0.038917 seconds 
========================================================================
Received Import Request.
  Time since last request: 0.000043 seconds.
  path: Assets/Materials/M7/Tutorial/letters/W.png
  artifactKey: Guid(fab3210f937284d46879a21b8679bbf8) Importer(815301076,1909f56bfc062723c751e8b465ee728b)
Start importing Assets/Materials/M7/Tutorial/letters/W.png using Guid(fab3210f937284d46879a21b8679bbf8) Importer(815301076,1909f56bfc062723c751e8b465ee728b)  -> (artifact id: 'cf6f7d437e817125b0e8d68966581506') in 0.044863 seconds 
========================================================================
Received Import Request.
  Time since last request: 0.000048 seconds.
  path: Assets/Materials/M7/Tutorial/letters/Y.png
  artifactKey: Guid(cbab85dfd0367254d8c1d0c33696551f) Importer(815301076,1909f56bfc062723c751e8b465ee728b)
Start importing Assets/Materials/M7/Tutorial/letters/Y.png using Guid(cbab85dfd0367254d8c1d0c33696551f) Importer(815301076,1909f56bfc062723c751e8b465ee728b)  -> (artifact id: '165e4e362f91b3ca55f96357fc634404') in 0.032707 seconds 
========================================================================
Received Import Request.
  Time since last request: 0.000030 seconds.
  path: Assets/Materials/M7/Tutorial/letters/O.png
  artifactKey: Guid(93aea42d6ff793c4485c69340a121ddf) Importer(815301076,1909f56bfc062723c751e8b465ee728b)
Start importing Assets/Materials/M7/Tutorial/letters/O.png using Guid(93aea42d6ff793c4485c69340a121ddf) Importer(815301076,1909f56bfc062723c751e8b465ee728b)  -> (artifact id: '199e9842cf4831ba28003e10b97e7d9f') in 0.040381 seconds 
========================================================================
Received Import Request.
  Time since last request: 0.000028 seconds.
  path: Assets/Materials/M7/Tutorial/letters/G.png
  artifactKey: Guid(356c62a27e57fb64ebaafa7848af51ae) Importer(815301076,1909f56bfc062723c751e8b465ee728b)
Start importing Assets/Materials/M7/Tutorial/letters/G.png using Guid(356c62a27e57fb64ebaafa7848af51ae) Importer(815301076,1909f56bfc062723c751e8b465ee728b)  -> (artifact id: 'f98aca249751a8c6b54d0e87f733692e') in 0.038522 seconds 
========================================================================
Received Import Request.
  Time since last request: 0.000030 seconds.
  path: Assets/Materials/M7/Tutorial/letters/F.png
  artifactKey: Guid(3e80a28433edfd0489010b8c5429a91a) Importer(815301076,1909f56bfc062723c751e8b465ee728b)
Start importing Assets/Materials/M7/Tutorial/letters/F.png using Guid(3e80a28433edfd0489010b8c5429a91a) Importer(815301076,1909f56bfc062723c751e8b465ee728b)  -> (artifact id: 'ec65d825ac3139d729e78961b369bfa4') in 0.035169 seconds 
========================================================================
Received Import Request.
  Time since last request: 0.000032 seconds.
  path: Assets/Materials/M7/Tutorial/letters/D.png
  artifactKey: Guid(5fbb7373e84938c4fac4cdcbe6478c4d) Importer(815301076,1909f56bfc062723c751e8b465ee728b)
Start importing Assets/Materials/M7/Tutorial/letters/D.png using Guid(5fbb7373e84938c4fac4cdcbe6478c4d) Importer(815301076,1909f56bfc062723c751e8b465ee728b)  -> (artifact id: 'd1d15c86fad5d65406223f50b1f66dee') in 0.031469 seconds 
========================================================================
Received Import Request.
  Time since last request: 0.000035 seconds.
  path: Assets/Materials/M7/Tutorial/letters/T.png
  artifactKey: Guid(b6b598dcfd550584cb283d3dbba1471f) Importer(815301076,1909f56bfc062723c751e8b465ee728b)
Start importing Assets/Materials/M7/Tutorial/letters/T.png using Guid(b6b598dcfd550584cb283d3dbba1471f) Importer(815301076,1909f56bfc062723c751e8b465ee728b)  -> (artifact id: '6f97ebc72e4292411af36dc48e0aa3ab') in 0.030181 seconds 
========================================================================
Received Import Request.
  Time since last request: 0.000042 seconds.
  path: Assets/Materials/M7/Tutorial/letters/R.png
  artifactKey: Guid(0bd78cd0e9c1cf442b0916bbf9d7b956) Importer(815301076,1909f56bfc062723c751e8b465ee728b)
Start importing Assets/Materials/M7/Tutorial/letters/R.png using Guid(0bd78cd0e9c1cf442b0916bbf9d7b956) Importer(815301076,1909f56bfc062723c751e8b465ee728b)  -> (artifact id: '0e46387c96dd32bca5bbb01471a98ea6') in 0.039712 seconds 
========================================================================
Received Import Request.
  Time since last request: 0.000030 seconds.
  path: Assets/Materials/M7/Tutorial/letters/V.png
  artifactKey: Guid(563dde1d67a79f047a163e809ef0d7fa) Importer(815301076,1909f56bfc062723c751e8b465ee728b)
Start importing Assets/Materials/M7/Tutorial/letters/V.png using Guid(563dde1d67a79f047a163e809ef0d7fa) Importer(815301076,1909f56bfc062723c751e8b465ee728b)  -> (artifact id: 'bc83799c94a540f29e4281dc26e3aacd') in 0.048650 seconds 
========================================================================
Received Import Request.
  Time since last request: 7.541890 seconds.
  path: Assets/Materials/M7/Tutorial/numbers
  artifactKey: Guid(3d266a0198cdfef46bd9bd9ba0953631) Importer(815301076,1909f56bfc062723c751e8b465ee728b)
Start importing Assets/Materials/M7/Tutorial/numbers using Guid(3d266a0198cdfef46bd9bd9ba0953631) Importer(815301076,1909f56bfc062723c751e8b465ee728b)  -> (artifact id: 'f54eb7ddbf103913e61bf2c8d6548279') in 0.009798 seconds 
========================================================================
Received Import Request.
  Time since last request: 0.057565 seconds.
  path: Assets/Materials/M7/Tutorial/numbers/astВrisque.png
  artifactKey: Guid(136a1d80b45ea014386612a84f3690ce) Importer(815301076,1909f56bfc062723c751e8b465ee728b)
Start importing Assets/Materials/M7/Tutorial/numbers/astВrisque.png using Guid(136a1d80b45ea014386612a84f3690ce) Importer(815301076,1909f56bfc062723c751e8b465ee728b)  -> (artifact id: 'a83dc8225f714285b58196b58fe3f580') in 0.045560 seconds 
========================================================================
Received Import Request.
  Time since last request: 0.000027 seconds.
  path: Assets/Materials/M7/Tutorial/numbers/slash.png
  artifactKey: Guid(1610e5d87ba9ac24c9589dceb1852481) Importer(815301076,1909f56bfc062723c751e8b465ee728b)
Start importing Assets/Materials/M7/Tutorial/numbers/slash.png using Guid(1610e5d87ba9ac24c9589dceb1852481) Importer(815301076,1909f56bfc062723c751e8b465ee728b)  -> (artifact id: 'c6b530a9f046bcb728bcc18c9acad41e') in 0.036554 seconds 
========================================================================
Received Import Request.
  Time since last request: 0.000029 seconds.
  path: Assets/Materials/M7/Tutorial/numbers/entrВe.png
  artifactKey: Guid(1e4367d26ecb23a49b1ed31481d1a351) Importer(815301076,1909f56bfc062723c751e8b465ee728b)
Start importing Assets/Materials/M7/Tutorial/numbers/entrВe.png using Guid(1e4367d26ecb23a49b1ed31481d1a351) Importer(815301076,1909f56bfc062723c751e8b465ee728b)  -> (artifact id: '2379b1c6a69f3671a38d2c567ba9a92a') in 0.037198 seconds 
========================================================================
Received Import Request.
  Time since last request: 0.000035 seconds.
  path: Assets/Materials/M7/Tutorial/numbers/suppr.png
  artifactKey: Guid(1b8c26d884bf68e46b08e5348767e047) Importer(815301076,1909f56bfc062723c751e8b465ee728b)
Start importing Assets/Materials/M7/Tutorial/numbers/suppr.png using Guid(1b8c26d884bf68e46b08e5348767e047) Importer(815301076,1909f56bfc062723c751e8b465ee728b)  -> (artifact id: 'e8e210dfd1254f10ff0bdfce876a1fba') in 0.042598 seconds 
========================================================================
Received Import Request.
  Time since last request: 0.000030 seconds.
  path: Assets/Materials/M7/Tutorial/numbers/moins.png
  artifactKey: Guid(ec1638a57ab8f6840910e40b4d062478) Importer(815301076,1909f56bfc062723c751e8b465ee728b)
Start importing Assets/Materials/M7/Tutorial/numbers/moins.png using Guid(ec1638a57ab8f6840910e40b4d062478) Importer(815301076,1909f56bfc062723c751e8b465ee728b)  -> (artifact id: '10b9277209038bb90e1e577e7a0fbc69') in 0.047701 seconds 
========================================================================
Received Import Request.
  Time since last request: 50.305605 seconds.
  path: Assets/Materials/M7/Tutorial/other
  artifactKey: Guid(ffd62846a3e09de4b89c15f5376cfbb5) Importer(815301076,1909f56bfc062723c751e8b465ee728b)
Start importing Assets/Materials/M7/Tutorial/other using Guid(ffd62846a3e09de4b89c15f5376cfbb5) Importer(815301076,1909f56bfc062723c751e8b465ee728b)  -> (artifact id: '367c36e23baef80a654c7b5947b4ab5d') in 0.011307 seconds 
========================================================================
Received Import Request.
  Time since last request: 0.052652 seconds.
  path: Assets/Materials/M7/Tutorial/other/AstВrisque.png
  artifactKey: Guid(8dd72b79fb62c9c48bc7990ae6cb6df8) Importer(815301076,1909f56bfc062723c751e8b465ee728b)
Start importing Assets/Materials/M7/Tutorial/other/AstВrisque.png using Guid(8dd72b79fb62c9c48bc7990ae6cb6df8) Importer(815301076,1909f56bfc062723c751e8b465ee728b)  -> (artifact id: '8095b254db5b2690b9a7a075a5565dcf') in 0.040964 seconds 
========================================================================
Received Import Request.
  Time since last request: 0.000052 seconds.
  path: Assets/Materials/M7/Tutorial/other/trВma.png
  artifactKey: Guid(05083a0b26b13b549b39755c38d0c03f) Importer(815301076,1909f56bfc062723c751e8b465ee728b)
Start importing Assets/Materials/M7/Tutorial/other/trВma.png using Guid(05083a0b26b13b549b39755c38d0c03f) Importer(815301076,1909f56bfc062723c751e8b465ee728b)  -> (artifact id: '0a1f1b7bc7de0b26cf59762296c80c81') in 0.030008 seconds 
========================================================================
Received Import Request.
  Time since last request: 0.000056 seconds.
  path: Assets/Materials/M7/Tutorial/other/paragraphe.png
  artifactKey: Guid(6a006a57263c51c4fb5bbb1cf97740ce) Importer(815301076,1909f56bfc062723c751e8b465ee728b)
Start importing Assets/Materials/M7/Tutorial/other/paragraphe.png using Guid(6a006a57263c51c4fb5bbb1cf97740ce) Importer(815301076,1909f56bfc062723c751e8b465ee728b)  -> (artifact id: '998b12c2b3c5792f68110c885c826c51') in 0.027424 seconds 
========================================================================
Received Import Request.
  Time since last request: 0.000047 seconds.
  path: Assets/Materials/M7/Tutorial/other/parenthКse g.png
  artifactKey: Guid(3da58ecdd1e785241b3ee40549084e2c) Importer(815301076,1909f56bfc062723c751e8b465ee728b)
Start importing Assets/Materials/M7/Tutorial/other/parenthКse g.png using Guid(3da58ecdd1e785241b3ee40549084e2c) Importer(815301076,1909f56bfc062723c751e8b465ee728b)  -> (artifact id: 'bd7abc6b80326b7706ef97331071baa5') in 0.030486 seconds 
========================================================================
Received Import Request.
  Time since last request: 0.000039 seconds.
  path: Assets/Materials/M7/Tutorial/other/exclamation.png
  artifactKey: Guid(cf38921d2d9f409469ec15d6186d7a4f) Importer(815301076,1909f56bfc062723c751e8b465ee728b)
Start importing Assets/Materials/M7/Tutorial/other/exclamation.png using Guid(cf38921d2d9f409469ec15d6186d7a4f) Importer(815301076,1909f56bfc062723c751e8b465ee728b)  -> (artifact id: 'c1d8f7255f87b92027b1babb83f0370c') in 0.026785 seconds 
========================================================================
Received Import Request.
  Time since last request: 0.000030 seconds.
  path: Assets/Materials/M7/Tutorial/other/DegrВ.png
  artifactKey: Guid(0655829bf8242e341ba908be1ab554e5) Importer(815301076,1909f56bfc062723c751e8b465ee728b)
Start importing Assets/Materials/M7/Tutorial/other/DegrВ.png using Guid(0655829bf8242e341ba908be1ab554e5) Importer(815301076,1909f56bfc062723c751e8b465ee728b)  -> (artifact id: 'fcde3f792894c6845c9362c03a7a1825') in 0.030696 seconds 
========================================================================
Received Import Request.
  Time since last request: 0.000031 seconds.
  path: Assets/Materials/M7/Tutorial/other/Вgal.png
  artifactKey: Guid(e0271e5558abef746909e23d5994943e) Importer(815301076,1909f56bfc062723c751e8b465ee728b)
Start importing Assets/Materials/M7/Tutorial/other/Вgal.png using Guid(e0271e5558abef746909e23d5994943e) Importer(815301076,1909f56bfc062723c751e8b465ee728b)  -> (artifact id: '0cea63f00799c3a5a282e4bfab2b6221') in 0.030088 seconds 
========================================================================
Received Import Request.
  Time since last request: 0.000042 seconds.
  path: Assets/Materials/M7/Tutorial/other/deux points.png
  artifactKey: Guid(3064a52ff74eeba439cdccf7b1dbbfc4) Importer(815301076,1909f56bfc062723c751e8b465ee728b)
Start importing Assets/Materials/M7/Tutorial/other/deux points.png using Guid(3064a52ff74eeba439cdccf7b1dbbfc4) Importer(815301076,1909f56bfc062723c751e8b465ee728b)  -> (artifact id: 'dce24e534ae6c68d6b68ecbb0cdf4ff1') in 0.030091 seconds 
========================================================================
Received Import Request.
  Time since last request: 0.000037 seconds.
  path: Assets/Materials/M7/Tutorial/other/Ч.png
  artifactKey: Guid(952343d8feef25244a6231ea5e689c5c) Importer(815301076,1909f56bfc062723c751e8b465ee728b)
Start importing Assets/Materials/M7/Tutorial/other/Ч.png using Guid(952343d8feef25244a6231ea5e689c5c) Importer(815301076,1909f56bfc062723c751e8b465ee728b)  -> (artifact id: '631fcf616f3da12e93b5eac2e49d0bc9') in 0.030302 seconds 
========================================================================
Received Import Request.
  Time since last request: 0.000043 seconds.
  path: Assets/Materials/M7/Tutorial/other/virgule.png
  artifactKey: Guid(bdfb3dc65399f1846ae6c44039b7e1ec) Importer(815301076,1909f56bfc062723c751e8b465ee728b)
Start importing Assets/Materials/M7/Tutorial/other/virgule.png using Guid(bdfb3dc65399f1846ae6c44039b7e1ec) Importer(815301076,1909f56bfc062723c751e8b465ee728b)  -> (artifact id: 'd7db6791b62cabdefdd21cda2ece9fd8') in 0.033855 seconds 
========================================================================
Received Import Request.
  Time since last request: 0.000043 seconds.
  path: Assets/Materials/M7/Tutorial/other/dollar.png
  artifactKey: Guid(c02f18339be4c0446bafa3ddb9ea9c14) Importer(815301076,1909f56bfc062723c751e8b465ee728b)
Start importing Assets/Materials/M7/Tutorial/other/dollar.png using Guid(c02f18339be4c0446bafa3ddb9ea9c14) Importer(815301076,1909f56bfc062723c751e8b465ee728b)  -> (artifact id: '0097fde86e9b60a789dd5a76c81a3751') in 0.031618 seconds 
========================================================================
Received Import Request.
  Time since last request: 0.000037 seconds.
  path: Assets/Materials/M7/Tutorial/other/symbole monВtaire.png
  artifactKey: Guid(a8cb21654430f934d92c1a4238334c0e) Importer(815301076,1909f56bfc062723c751e8b465ee728b)
Start importing Assets/Materials/M7/Tutorial/other/symbole monВtaire.png using Guid(a8cb21654430f934d92c1a4238334c0e) Importer(815301076,1909f56bfc062723c751e8b465ee728b)  -> (artifact id: '428dddce5474c3528a4eff6c5829a4c2') in 0.047704 seconds 
========================================================================
Received Import Request.
  Time since last request: 0.000034 seconds.
  path: Assets/Materials/M7/Tutorial/other/Esperluette.png
  artifactKey: Guid(b4e3768c380fd5e4c834c1b981a6c6b1) Importer(815301076,1909f56bfc062723c751e8b465ee728b)
Start importing Assets/Materials/M7/Tutorial/other/Esperluette.png using Guid(b4e3768c380fd5e4c834c1b981a6c6b1) Importer(815301076,1909f56bfc062723c751e8b465ee728b)  -> (artifact id: 'cda02d64ed4e317031ea755f07cf2116') in 0.061826 seconds 
========================================================================
Received Import Request.
  Time since last request: 0.000042 seconds.
  path: Assets/Materials/M7/Tutorial/other/Е.png
  artifactKey: Guid(5898855aae2d5354195d38920b129d43) Importer(815301076,1909f56bfc062723c751e8b465ee728b)
Start importing Assets/Materials/M7/Tutorial/other/Е.png using Guid(5898855aae2d5354195d38920b129d43) Importer(815301076,1909f56bfc062723c751e8b465ee728b)  -> (artifact id: '54b6f1b60c6ca0cc5f7c6f1b155c14ab') in 0.030521 seconds 
========================================================================
Received Import Request.
  Time since last request: 0.000052 seconds.
  path: Assets/Materials/M7/Tutorial/other/tilde.png
  artifactKey: Guid(9c46958e8f0130e488391ec075b92d3c) Importer(815301076,1909f56bfc062723c751e8b465ee728b)
Start importing Assets/Materials/M7/Tutorial/other/tilde.png using Guid(9c46958e8f0130e488391ec075b92d3c) Importer(815301076,1909f56bfc062723c751e8b465ee728b)  -> (artifact id: '4561f5c82f3765dc5db828b37a494243') in 0.034833 seconds 
========================================================================
Received Import Request.
  Time since last request: 0.000030 seconds.
  path: Assets/Materials/M7/Tutorial/other/parenthКse d.png
  artifactKey: Guid(3d930ab369712434f84b2fec0a783eec) Importer(815301076,1909f56bfc062723c751e8b465ee728b)
Start importing Assets/Materials/M7/Tutorial/other/parenthКse d.png using Guid(3d930ab369712434f84b2fec0a783eec) Importer(815301076,1909f56bfc062723c751e8b465ee728b)  -> (artifact id: '99fe376fc7b02f8391603328d23e092d') in 0.027090 seconds 
========================================================================
Received Import Request.
  Time since last request: 0.000030 seconds.
  path: Assets/Materials/M7/Tutorial/other/pourcentage.png
  artifactKey: Guid(b0610a55d9d5a274a83e9a74ef4bc628) Importer(815301076,1909f56bfc062723c751e8b465ee728b)
Start importing Assets/Materials/M7/Tutorial/other/pourcentage.png using Guid(b0610a55d9d5a274a83e9a74ef4bc628) Importer(815301076,1909f56bfc062723c751e8b465ee728b)  -> (artifact id: '2cc76fae9ff12d48b63305692acabf90') in 0.031166 seconds 
========================================================================
Received Import Request.
  Time since last request: 0.000040 seconds.
  path: Assets/Materials/M7/Tutorial/other/slash.png
  artifactKey: Guid(c820f5e12bf07ed449d9624c74700bca) Importer(815301076,1909f56bfc062723c751e8b465ee728b)
Start importing Assets/Materials/M7/Tutorial/other/slash.png using Guid(c820f5e12bf07ed449d9624c74700bca) Importer(815301076,1909f56bfc062723c751e8b465ee728b)  -> (artifact id: '28fba255ff499f8ade87d0744e9ee98a') in 0.030671 seconds 
========================================================================
Received Import Request.
  Time since last request: 0.000037 seconds.
  path: Assets/Materials/M7/Tutorial/other/underscore.png
  artifactKey: Guid(7ff021a379bf4694ea1a0e2020333ab5) Importer(815301076,1909f56bfc062723c751e8b465ee728b)
Start importing Assets/Materials/M7/Tutorial/other/underscore.png using Guid(7ff021a379bf4694ea1a0e2020333ab5) Importer(815301076,1909f56bfc062723c751e8b465ee728b)  -> (artifact id: 'ae7058866bc300b94674a2949e018570') in 0.030554 seconds 
========================================================================
Received Import Request.
  Time since last request: 0.000050 seconds.
  path: Assets/Materials/M7/Tutorial/other/К.png
  artifactKey: Guid(b6656f4d2770719499f7c7ca43bb2fc1) Importer(815301076,1909f56bfc062723c751e8b465ee728b)
Start importing Assets/Materials/M7/Tutorial/other/К.png using Guid(b6656f4d2770719499f7c7ca43bb2fc1) Importer(815301076,1909f56bfc062723c751e8b465ee728b)  -> (artifact id: 'dced20f1a936b4c0e13cbb6e81cc27aa') in 0.031822 seconds 
========================================================================
Received Import Request.
  Time since last request: 0.000034 seconds.
  path: Assets/Materials/M7/Tutorial/other/C cВdille.png
  artifactKey: Guid(e2e85903ca748654aa2ab39ef79a5f85) Importer(815301076,1909f56bfc062723c751e8b465ee728b)
Start importing Assets/Materials/M7/Tutorial/other/C cВdille.png using Guid(e2e85903ca748654aa2ab39ef79a5f85) Importer(815301076,1909f56bfc062723c751e8b465ee728b)  -> (artifact id: 'c22cfbb42dc5f04b9ffdf9618b9bb736') in 0.029910 seconds 
========================================================================
Received Import Request.
  Time since last request: 0.000053 seconds.
  path: Assets/Materials/M7/Tutorial/other/point.png
  artifactKey: Guid(7fcc984589631004a95100721a4ca78b) Importer(815301076,1909f56bfc062723c751e8b465ee728b)
Start importing Assets/Materials/M7/Tutorial/other/point.png using Guid(7fcc984589631004a95100721a4ca78b) Importer(815301076,1909f56bfc062723c751e8b465ee728b)  -> (artifact id: '37774191a0f81aa1c7df7849296f8c53') in 0.032513 seconds 
========================================================================
Received Import Request.
  Time since last request: 0.000032 seconds.
  path: Assets/Materials/M7/Tutorial/other/point virgule.png
  artifactKey: Guid(cfb1d457c4f84994fb402a1380c365ce) Importer(815301076,1909f56bfc062723c751e8b465ee728b)
Start importing Assets/Materials/M7/Tutorial/other/point virgule.png using Guid(cfb1d457c4f84994fb402a1380c365ce) Importer(815301076,1909f56bfc062723c751e8b465ee728b)  -> (artifact id: '6742e5b6ef899ba0ba486c938a7735a6') in 0.027410 seconds 
========================================================================
Received Import Request.
  Time since last request: 0.000037 seconds.
  path: Assets/Materials/M7/Tutorial/other/moins.png
  artifactKey: Guid(a6b54ce9248c38d4ca744a05fada8d6d) Importer(815301076,1909f56bfc062723c751e8b465ee728b)
Start importing Assets/Materials/M7/Tutorial/other/moins.png using Guid(a6b54ce9248c38d4ca744a05fada8d6d) Importer(815301076,1909f56bfc062723c751e8b465ee728b)  -> (artifact id: '01902b2feb099fcda92000b0d8268caf') in 0.030549 seconds 
========================================================================
Received Import Request.
  Time since last request: 588.813847 seconds.
  path: ProjectSettings/TagManager.asset
  artifactKey: Guid(00000000000000003000000000000000) Importer(815301076,1909f56bfc062723c751e8b465ee728b)
Start importing ProjectSettings/TagManager.asset using Guid(00000000000000003000000000000000) Importer(815301076,1909f56bfc062723c751e8b465ee728b)  -> (artifact id: 'd747a600bfce4f39ca5efddac7f0521c') in 0.011376 seconds 
========================================================================
Received Import Request.
  Time since last request: 36.004803 seconds.
  path: Assets/Scripts/Player/SwitchHPBar.cs
  artifactKey: Guid(5c1bc64cbf7c2e549a1009a9d7755d33) Importer(815301076,1909f56bfc062723c751e8b465ee728b)
Start importing Assets/Scripts/Player/SwitchHPBar.cs using Guid(5c1bc64cbf7c2e549a1009a9d7755d33) Importer(815301076,1909f56bfc062723c751e8b465ee728b)  -> (artifact id: '65af541467ab024d97113c5556ead5b4') in 0.020339 seconds 
========================================================================
Received Prepare
Registering precompiled user dll's ...
Registered in 0.011886 seconds.
Begin MonoManager ReloadAssembly
Symbol file LoadedFromMemory doesn't match image C:\Unity\Game\FeniksGame\Library\PackageCache\com.unity.visualscripting@1.7.8\Editor\VisualScripting.Core\Dependencies\YamlDotNet\Unity.VisualScripting.YamlDotNet.dll
Symbol file LoadedFromMemory doesn't match image C:\Unity\Game\FeniksGame\Library\PackageCache\com.unity.visualscripting@1.7.8\Editor\VisualScripting.Core\Dependencies\DotNetZip\Unity.VisualScripting.IonicZip.dll
Native extension for WindowsStandalone target not found
Native extension for WebGL target not found
Refreshing native plugins compatible for Editor in 1.12 ms, found 3 plugins.
Preloading 0 native plugins for Editor in 0.00 ms.
Mono: successfully reloaded assembly
- Completed reload, in  1.845 seconds
Domain Reload Profiling:
	ReloadAssembly (1846ms)
		BeginReloadAssembly (335ms)
			ExecutionOrderSort (0ms)
			DisableScriptedObjects (8ms)
			BackupInstance (0ms)
			ReleaseScriptingObjects (0ms)
			CreateAndSetChildDomain (105ms)
		EndReloadAssembly (1338ms)
			LoadAssemblies (178ms)
			RebuildTransferFunctionScriptingTraits (0ms)
			SetupTypeCache (504ms)
			ReleaseScriptCaches (2ms)
			RebuildScriptCaches (75ms)
			SetupLoadedEditorAssemblies (548ms)
				LogAssemblyErrors (0ms)
				InitializePlatformSupportModulesInManaged (21ms)
				SetLoadedEditorAssemblies (1ms)
				RefreshPlugins (1ms)
				BeforeProcessingInitializeOnLoad (112ms)
				ProcessInitializeOnLoadAttributes (361ms)
				ProcessInitializeOnLoadMethodAttributes (41ms)
				AfterProcessingInitializeOnLoad (11ms)
				EditorAssembliesLoaded (0ms)
			ExecutionOrderSort2 (0ms)
			AwakeInstancesAfterBackupRestoration (14ms)
Platform modules already initialized, skipping
Refreshing native plugins compatible for Editor in 3.44 ms, found 3 plugins.
Preloading 0 native plugins for Editor in 0.00 ms.
Unloading 3720 Unused Serialized files (Serialized files now loaded: 0)
Unloading 21 unused Assets / (78.8 KB). Loaded Objects now: 4302.
Memory consumption went from 151.4 MB to 151.3 MB.
Total: 4.818300 ms (FindLiveObjects: 0.342600 ms CreateObjectMapping: 0.151500 ms MarkObjects: 4.177100 ms  DeleteObjects: 0.145300 ms)

AssetImportParameters requested are different than current active one (requested -> active):
  custom:video-decoder-ogg-theora: a1e56fd34408186e4bbccfd4996cb3dc -> 
  custom:container-muxer-webm: aa71ff27fc2769a1b78a27578f13a17b -> 
  custom:container-demuxer-webm: 4f35f7cbe854078d1ac9338744f61a02 -> 
  custom:video-encoder-webm-vp8: eb34c28f22e8b96e1ab97ce403110664 -> 
  custom:audio-encoder-webm-vorbis: bf7c407c2cedff20999df2af8eb42d56 -> 
  custom:framework-win-MediaFoundation: 216162199b28c13a410421893ffa2e32 -> 
  custom:container-demuxer-ogg: 62fdf1f143b41e24485cea50d1cbac27 -> 
  custom:video-decoder-webm-vp8: 9c59270c3fd7afecdb556c50c9e8de78 -> 
  custom:audio-decoder-ogg-vorbis: bf7c407c2cedff20999df2af8eb42d56 -> 
========================================================================
Received Import Request.
  Time since last request: 84.041415 seconds.
  path: Assets/Scripts/Player/PlayerTeleport.cs
  artifactKey: Guid(4dd5e7200d4e33c49ad41784d6cb3372) Importer(815301076,1909f56bfc062723c751e8b465ee728b)
Start importing Assets/Scripts/Player/PlayerTeleport.cs using Guid(4dd5e7200d4e33c49ad41784d6cb3372) Importer(815301076,1909f56bfc062723c751e8b465ee728b)  -> (artifact id: 'f457f8797ca9cece512cbe6f14987b38') in 0.019915 seconds 
========================================================================
Received Prepare
Registering precompiled user dll's ...
Registered in 0.016886 seconds.
Begin MonoManager ReloadAssembly
Symbol file LoadedFromMemory doesn't match image C:\Unity\Game\FeniksGame\Library\PackageCache\com.unity.visualscripting@1.7.8\Editor\VisualScripting.Core\Dependencies\YamlDotNet\Unity.VisualScripting.YamlDotNet.dll
Symbol file LoadedFromMemory doesn't match image C:\Unity\Game\FeniksGame\Library\PackageCache\com.unity.visualscripting@1.7.8\Editor\VisualScripting.Core\Dependencies\DotNetZip\Unity.VisualScripting.IonicZip.dll
Native extension for WindowsStandalone target not found
Native extension for WebGL target not found
Refreshing native plugins compatible for Editor in 1.19 ms, found 3 plugins.
Preloading 0 native plugins for Editor in 0.00 ms.
Mono: successfully reloaded assembly
- Completed reload, in  1.836 seconds
Domain Reload Profiling:
	ReloadAssembly (1837ms)
		BeginReloadAssembly (257ms)
			ExecutionOrderSort (0ms)
			DisableScriptedObjects (12ms)
			BackupInstance (0ms)
			ReleaseScriptingObjects (0ms)
			CreateAndSetChildDomain (46ms)
		EndReloadAssembly (1390ms)
			LoadAssemblies (194ms)
			RebuildTransferFunctionScriptingTraits (0ms)
			SetupTypeCache (476ms)
			ReleaseScriptCaches (2ms)
			RebuildScriptCaches (72ms)
			SetupLoadedEditorAssemblies (621ms)
				LogAssemblyErrors (0ms)
				InitializePlatformSupportModulesInManaged (38ms)
				SetLoadedEditorAssemblies (1ms)
				RefreshPlugins (1ms)
				BeforeProcessingInitializeOnLoad (124ms)
				ProcessInitializeOnLoadAttributes (409ms)
				ProcessInitializeOnLoadMethodAttributes (38ms)
				AfterProcessingInitializeOnLoad (11ms)
				EditorAssembliesLoaded (0ms)
			ExecutionOrderSort2 (0ms)
			AwakeInstancesAfterBackupRestoration (12ms)
Platform modules already initialized, skipping
Refreshing native plugins compatible for Editor in 3.08 ms, found 3 plugins.
Preloading 0 native plugins for Editor in 0.00 ms.
Unloading 3721 Unused Serialized files (Serialized files now loaded: 0)
Unloading 19 unused Assets / (86.5 KB). Loaded Objects now: 4306.
Memory consumption went from 151.4 MB to 151.3 MB.
Total: 4.718400 ms (FindLiveObjects: 0.337400 ms CreateObjectMapping: 0.149700 ms MarkObjects: 4.101300 ms  DeleteObjects: 0.128000 ms)

AssetImportParameters requested are different than current active one (requested -> active):
  custom:video-decoder-ogg-theora: a1e56fd34408186e4bbccfd4996cb3dc -> 
  custom:container-muxer-webm: aa71ff27fc2769a1b78a27578f13a17b -> 
  custom:container-demuxer-webm: 4f35f7cbe854078d1ac9338744f61a02 -> 
  custom:video-encoder-webm-vp8: eb34c28f22e8b96e1ab97ce403110664 -> 
  custom:audio-encoder-webm-vorbis: bf7c407c2cedff20999df2af8eb42d56 -> 
  custom:framework-win-MediaFoundation: 216162199b28c13a410421893ffa2e32 -> 
  custom:container-demuxer-ogg: 62fdf1f143b41e24485cea50d1cbac27 -> 
  custom:video-decoder-webm-vp8: 9c59270c3fd7afecdb556c50c9e8de78 -> 
  custom:audio-decoder-ogg-vorbis: bf7c407c2cedff20999df2af8eb42d56 -> 
========================================================================
Received Prepare
Registering precompiled user dll's ...
Registered in 0.011405 seconds.
Begin MonoManager ReloadAssembly
Symbol file LoadedFromMemory doesn't match image C:\Unity\Game\FeniksGame\Library\PackageCache\com.unity.visualscripting@1.7.8\Editor\VisualScripting.Core\Dependencies\YamlDotNet\Unity.VisualScripting.YamlDotNet.dll
Symbol file LoadedFromMemory doesn't match image C:\Unity\Game\FeniksGame\Library\PackageCache\com.unity.visualscripting@1.7.8\Editor\VisualScripting.Core\Dependencies\DotNetZip\Unity.VisualScripting.IonicZip.dll
Native extension for WindowsStandalone target not found
Native extension for WebGL target not found
Refreshing native plugins compatible for Editor in 1.15 ms, found 3 plugins.
Preloading 0 native plugins for Editor in 0.00 ms.
Mono: successfully reloaded assembly
- Completed reload, in  1.884 seconds
Domain Reload Profiling:
	ReloadAssembly (1885ms)
		BeginReloadAssembly (330ms)
			ExecutionOrderSort (0ms)
			DisableScriptedObjects (43ms)
			BackupInstance (0ms)
			ReleaseScriptingObjects (0ms)
			CreateAndSetChildDomain (58ms)
		EndReloadAssembly (1336ms)
			LoadAssemblies (212ms)
			RebuildTransferFunctionScriptingTraits (0ms)
			SetupTypeCache (458ms)
			ReleaseScriptCaches (2ms)
			RebuildScriptCaches (77ms)
			SetupLoadedEditorAssemblies (574ms)
				LogAssemblyErrors (0ms)
				InitializePlatformSupportModulesInManaged (21ms)
				SetLoadedEditorAssemblies (1ms)
				RefreshPlugins (1ms)
				BeforeProcessingInitializeOnLoad (134ms)
				ProcessInitializeOnLoadAttributes (361ms)
				ProcessInitializeOnLoadMethodAttributes (44ms)
				AfterProcessingInitializeOnLoad (11ms)
				EditorAssembliesLoaded (0ms)
			ExecutionOrderSort2 (0ms)
			AwakeInstancesAfterBackupRestoration (12ms)
Platform modules already initialized, skipping
Refreshing native plugins compatible for Editor in 3.21 ms, found 3 plugins.
Preloading 0 native plugins for Editor in 0.00 ms.
Unloading 3721 Unused Serialized files (Serialized files now loaded: 0)
Unloading 19 unused Assets / (63.3 KB). Loaded Objects now: 4309.
Memory consumption went from 151.4 MB to 151.4 MB.
Total: 4.421800 ms (FindLiveObjects: 0.340700 ms CreateObjectMapping: 0.151700 ms MarkObjects: 3.807800 ms  DeleteObjects: 0.119400 ms)

AssetImportParameters requested are different than current active one (requested -> active):
  custom:video-decoder-ogg-theora: a1e56fd34408186e4bbccfd4996cb3dc -> 
  custom:container-muxer-webm: aa71ff27fc2769a1b78a27578f13a17b -> 
  custom:container-demuxer-webm: 4f35f7cbe854078d1ac9338744f61a02 -> 
  custom:video-encoder-webm-vp8: eb34c28f22e8b96e1ab97ce403110664 -> 
  custom:audio-encoder-webm-vorbis: bf7c407c2cedff20999df2af8eb42d56 -> 
  custom:framework-win-MediaFoundation: 216162199b28c13a410421893ffa2e32 -> 
  custom:container-demuxer-ogg: 62fdf1f143b41e24485cea50d1cbac27 -> 
  custom:video-decoder-webm-vp8: 9c59270c3fd7afecdb556c50c9e8de78 -> 
  custom:audio-decoder-ogg-vorbis: bf7c407c2cedff20999df2af8eb42d56 -> 
========================================================================
Received Import Request.
  Time since last request: 32.521945 seconds.
  path: Assets/Scripts/Player/PlayerTeleport.cs
  artifactKey: Guid(4dd5e7200d4e33c49ad41784d6cb3372) Importer(815301076,1909f56bfc062723c751e8b465ee728b)
Start importing Assets/Scripts/Player/PlayerTeleport.cs using Guid(4dd5e7200d4e33c49ad41784d6cb3372) Importer(815301076,1909f56bfc062723c751e8b465ee728b)  -> (artifact id: '67b96ec92ba06034cd3a27b047df5a27') in 0.011433 seconds 
========================================================================
Received Prepare
Registering precompiled user dll's ...
Registered in 0.016437 seconds.
Begin MonoManager ReloadAssembly
Symbol file LoadedFromMemory doesn't match image C:\Unity\Game\FeniksGame\Library\PackageCache\com.unity.visualscripting@1.7.8\Editor\VisualScripting.Core\Dependencies\YamlDotNet\Unity.VisualScripting.YamlDotNet.dll
Symbol file LoadedFromMemory doesn't match image C:\Unity\Game\FeniksGame\Library\PackageCache\com.unity.visualscripting@1.7.8\Editor\VisualScripting.Core\Dependencies\DotNetZip\Unity.VisualScripting.IonicZip.dll
Native extension for WindowsStandalone target not found
Native extension for WebGL target not found
Refreshing native plugins compatible for Editor in 2.29 ms, found 3 plugins.
Preloading 0 native plugins for Editor in 0.00 ms.
Mono: successfully reloaded assembly
- Completed reload, in  2.045 seconds
Domain Reload Profiling:
	ReloadAssembly (2047ms)
		BeginReloadAssembly (300ms)
			ExecutionOrderSort (0ms)
			DisableScriptedObjects (12ms)
			BackupInstance (0ms)
			ReleaseScriptingObjects (0ms)
			CreateAndSetChildDomain (54ms)
		EndReloadAssembly (1526ms)
			LoadAssemblies (246ms)
			RebuildTransferFunctionScriptingTraits (0ms)
			SetupTypeCache (502ms)
			ReleaseScriptCaches (2ms)
			RebuildScriptCaches (73ms)
			SetupLoadedEditorAssemblies (618ms)
				LogAssemblyErrors (0ms)
				InitializePlatformSupportModulesInManaged (24ms)
				SetLoadedEditorAssemblies (1ms)
				RefreshPlugins (3ms)
				BeforeProcessingInitializeOnLoad (166ms)
				ProcessInitializeOnLoadAttributes (376ms)
				ProcessInitializeOnLoadMethodAttributes (38ms)
				AfterProcessingInitializeOnLoad (11ms)
				EditorAssembliesLoaded (0ms)
			ExecutionOrderSort2 (0ms)
			AwakeInstancesAfterBackupRestoration (12ms)
Platform modules already initialized, skipping
Refreshing native plugins compatible for Editor in 3.53 ms, found 3 plugins.
Preloading 0 native plugins for Editor in 0.00 ms.
Unloading 3721 Unused Serialized files (Serialized files now loaded: 0)
Unloading 19 unused Assets / (63.3 KB). Loaded Objects now: 4312.
Memory consumption went from 151.4 MB to 151.4 MB.
Total: 4.806900 ms (FindLiveObjects: 0.416900 ms CreateObjectMapping: 0.154400 ms MarkObjects: 4.114700 ms  DeleteObjects: 0.118800 ms)

AssetImportParameters requested are different than current active one (requested -> active):
  custom:video-decoder-ogg-theora: a1e56fd34408186e4bbccfd4996cb3dc -> 
  custom:container-muxer-webm: aa71ff27fc2769a1b78a27578f13a17b -> 
  custom:container-demuxer-webm: 4f35f7cbe854078d1ac9338744f61a02 -> 
  custom:video-encoder-webm-vp8: eb34c28f22e8b96e1ab97ce403110664 -> 
  custom:audio-encoder-webm-vorbis: bf7c407c2cedff20999df2af8eb42d56 -> 
  custom:framework-win-MediaFoundation: 216162199b28c13a410421893ffa2e32 -> 
  custom:container-demuxer-ogg: 62fdf1f143b41e24485cea50d1cbac27 -> 
  custom:video-decoder-webm-vp8: 9c59270c3fd7afecdb556c50c9e8de78 -> 
  custom:audio-decoder-ogg-vorbis: bf7c407c2cedff20999df2af8eb42d56 -> 
========================================================================
Received Import Request.
  Time since last request: 45.258288 seconds.
  path: Assets/Scripts/Player/PlayerTeleport.cs
  artifactKey: Guid(4dd5e7200d4e33c49ad41784d6cb3372) Importer(815301076,1909f56bfc062723c751e8b465ee728b)
Start importing Assets/Scripts/Player/PlayerTeleport.cs using Guid(4dd5e7200d4e33c49ad41784d6cb3372) Importer(815301076,1909f56bfc062723c751e8b465ee728b)  -> (artifact id: '9158b4ba09bf848b7c9f71d9c13185f3') in 0.012230 seconds 
========================================================================
Received Prepare
Registering precompiled user dll's ...
Registered in 0.010386 seconds.
Begin MonoManager ReloadAssembly
Symbol file LoadedFromMemory doesn't match image C:\Unity\Game\FeniksGame\Library\PackageCache\com.unity.visualscripting@1.7.8\Editor\VisualScripting.Core\Dependencies\YamlDotNet\Unity.VisualScripting.YamlDotNet.dll
Symbol file LoadedFromMemory doesn't match image C:\Unity\Game\FeniksGame\Library\PackageCache\com.unity.visualscripting@1.7.8\Editor\VisualScripting.Core\Dependencies\DotNetZip\Unity.VisualScripting.IonicZip.dll
Native extension for WindowsStandalone target not found
Native extension for WebGL target not found
Refreshing native plugins compatible for Editor in 1.18 ms, found 3 plugins.
Preloading 0 native plugins for Editor in 0.00 ms.
Mono: successfully reloaded assembly
- Completed reload, in  1.888 seconds
Domain Reload Profiling:
	ReloadAssembly (1889ms)
		BeginReloadAssembly (287ms)
			ExecutionOrderSort (0ms)
			DisableScriptedObjects (13ms)
			BackupInstance (0ms)
			ReleaseScriptingObjects (0ms)
			CreateAndSetChildDomain (61ms)
		EndReloadAssembly (1400ms)
			LoadAssemblies (254ms)
			RebuildTransferFunctionScriptingTraits (0ms)
			SetupTypeCache (463ms)
			ReleaseScriptCaches (2ms)
			RebuildScriptCaches (76ms)
			SetupLoadedEditorAssemblies (590ms)
				LogAssemblyErrors (0ms)
				InitializePlatformSupportModulesInManaged (22ms)
				SetLoadedEditorAssemblies (1ms)
				RefreshPlugins (1ms)
				BeforeProcessingInitializeOnLoad (128ms)
				ProcessInitializeOnLoadAttributes (370ms)
				ProcessInitializeOnLoadMethodAttributes (54ms)
				AfterProcessingInitializeOnLoad (15ms)
				EditorAssembliesLoaded (0ms)
			ExecutionOrderSort2 (0ms)
			AwakeInstancesAfterBackupRestoration (12ms)
Platform modules already initialized, skipping
Refreshing native plugins compatible for Editor in 3.23 ms, found 3 plugins.
Preloading 0 native plugins for Editor in 0.00 ms.
Unloading 3721 Unused Serialized files (Serialized files now loaded: 0)
Unloading 19 unused Assets / (78.8 KB). Loaded Objects now: 4315.
Memory consumption went from 151.5 MB to 151.4 MB.
Total: 5.357600 ms (FindLiveObjects: 0.379200 ms CreateObjectMapping: 0.208300 ms MarkObjects: 4.630000 ms  DeleteObjects: 0.137900 ms)

AssetImportParameters requested are different than current active one (requested -> active):
  custom:video-decoder-ogg-theora: a1e56fd34408186e4bbccfd4996cb3dc -> 
  custom:container-muxer-webm: aa71ff27fc2769a1b78a27578f13a17b -> 
  custom:container-demuxer-webm: 4f35f7cbe854078d1ac9338744f61a02 -> 
  custom:video-encoder-webm-vp8: eb34c28f22e8b96e1ab97ce403110664 -> 
  custom:audio-encoder-webm-vorbis: bf7c407c2cedff20999df2af8eb42d56 -> 
  custom:framework-win-MediaFoundation: 216162199b28c13a410421893ffa2e32 -> 
  custom:container-demuxer-ogg: 62fdf1f143b41e24485cea50d1cbac27 -> 
  custom:video-decoder-webm-vp8: 9c59270c3fd7afecdb556c50c9e8de78 -> 
  custom:audio-decoder-ogg-vorbis: bf7c407c2cedff20999df2af8eb42d56 -> 
========================================================================
Received Import Request.
  Time since last request: 697.865821 seconds.
  path: ProjectSettings/TagManager.asset
  artifactKey: Guid(00000000000000003000000000000000) Importer(815301076,1909f56bfc062723c751e8b465ee728b)
Start importing ProjectSettings/TagManager.asset using Guid(00000000000000003000000000000000) Importer(815301076,1909f56bfc062723c751e8b465ee728b)  -> (artifact id: 'feac629a019ef4bfb07eb24d9d0a812f') in 0.046909 seconds 
========================================================================
Received Prepare
Registering precompiled user dll's ...
Registered in 0.014582 seconds.
Begin MonoManager ReloadAssembly
Symbol file LoadedFromMemory doesn't match image C:\Unity\Game\FeniksGame\Library\PackageCache\com.unity.visualscripting@1.7.8\Editor\VisualScripting.Core\Dependencies\YamlDotNet\Unity.VisualScripting.YamlDotNet.dll
Symbol file LoadedFromMemory doesn't match image C:\Unity\Game\FeniksGame\Library\PackageCache\com.unity.visualscripting@1.7.8\Editor\VisualScripting.Core\Dependencies\DotNetZip\Unity.VisualScripting.IonicZip.dll
Native extension for WindowsStandalone target not found
Native extension for WebGL target not found
Refreshing native plugins compatible for Editor in 1.19 ms, found 3 plugins.
Preloading 0 native plugins for Editor in 0.00 ms.
Mono: successfully reloaded assembly
- Completed reload, in  1.957 seconds
Domain Reload Profiling:
	ReloadAssembly (1958ms)
		BeginReloadAssembly (333ms)
			ExecutionOrderSort (0ms)
			DisableScriptedObjects (11ms)
			BackupInstance (0ms)
			ReleaseScriptingObjects (0ms)
			CreateAndSetChildDomain (75ms)
		EndReloadAssembly (1421ms)
			LoadAssemblies (244ms)
			RebuildTransferFunctionScriptingTraits (0ms)
			SetupTypeCache (552ms)
			ReleaseScriptCaches (2ms)
			RebuildScriptCaches (71ms)
			SetupLoadedEditorAssemblies (545ms)
				LogAssemblyErrors (0ms)
				InitializePlatformSupportModulesInManaged (22ms)
				SetLoadedEditorAssemblies (1ms)
				RefreshPlugins (1ms)
				BeforeProcessingInitializeOnLoad (117ms)
				ProcessInitializeOnLoadAttributes (351ms)
				ProcessInitializeOnLoadMethodAttributes (38ms)
				AfterProcessingInitializeOnLoad (13ms)
				EditorAssembliesLoaded (0ms)
			ExecutionOrderSort2 (0ms)
			AwakeInstancesAfterBackupRestoration (12ms)
Platform modules already initialized, skipping
Refreshing native plugins compatible for Editor in 3.54 ms, found 3 plugins.
Preloading 0 native plugins for Editor in 0.00 ms.
Unloading 3721 Unused Serialized files (Serialized files now loaded: 0)
Unloading 20 unused Assets / (63.3 KB). Loaded Objects now: 4318.
Memory consumption went from 151.5 MB to 151.4 MB.
Total: 4.665800 ms (FindLiveObjects: 0.340800 ms CreateObjectMapping: 0.152200 ms MarkObjects: 4.042500 ms  DeleteObjects: 0.128600 ms)

AssetImportParameters requested are different than current active one (requested -> active):
  custom:video-decoder-ogg-theora: a1e56fd34408186e4bbccfd4996cb3dc -> 
  custom:container-muxer-webm: aa71ff27fc2769a1b78a27578f13a17b -> 
  custom:container-demuxer-webm: 4f35f7cbe854078d1ac9338744f61a02 -> 
  custom:video-encoder-webm-vp8: eb34c28f22e8b96e1ab97ce403110664 -> 
  custom:audio-encoder-webm-vorbis: bf7c407c2cedff20999df2af8eb42d56 -> 
  custom:framework-win-MediaFoundation: 216162199b28c13a410421893ffa2e32 -> 
  custom:container-demuxer-ogg: 62fdf1f143b41e24485cea50d1cbac27 -> 
  custom:video-decoder-webm-vp8: 9c59270c3fd7afecdb556c50c9e8de78 -> 
  custom:audio-decoder-ogg-vorbis: bf7c407c2cedff20999df2af8eb42d56 -> 
========================================================================
Received Prepare
Registering precompiled user dll's ...
Registered in 0.015263 seconds.
Begin MonoManager ReloadAssembly
Symbol file LoadedFromMemory doesn't match image C:\Unity\Game\FeniksGame\Library\PackageCache\com.unity.visualscripting@1.7.8\Editor\VisualScripting.Core\Dependencies\YamlDotNet\Unity.VisualScripting.YamlDotNet.dll
Symbol file LoadedFromMemory doesn't match image C:\Unity\Game\FeniksGame\Library\PackageCache\com.unity.visualscripting@1.7.8\Editor\VisualScripting.Core\Dependencies\DotNetZip\Unity.VisualScripting.IonicZip.dll
Native extension for WindowsStandalone target not found
Native extension for WebGL target not found
Refreshing native plugins compatible for Editor in 1.38 ms, found 3 plugins.
Preloading 0 native plugins for Editor in 0.00 ms.
Mono: successfully reloaded assembly
- Completed reload, in  1.850 seconds
Domain Reload Profiling:
	ReloadAssembly (1851ms)
		BeginReloadAssembly (303ms)
			ExecutionOrderSort (0ms)
			DisableScriptedObjects (13ms)
			BackupInstance (0ms)
			ReleaseScriptingObjects (0ms)
			CreateAndSetChildDomain (65ms)
		EndReloadAssembly (1354ms)
			LoadAssemblies (227ms)
			RebuildTransferFunctionScriptingTraits (0ms)
			SetupTypeCache (472ms)
			ReleaseScriptCaches (2ms)
			RebuildScriptCaches (73ms)
			SetupLoadedEditorAssemblies (556ms)
				LogAssemblyErrors (0ms)
				InitializePlatformSupportModulesInManaged (22ms)
				SetLoadedEditorAssemblies (1ms)
				RefreshPlugins (2ms)
				BeforeProcessingInitializeOnLoad (124ms)
				ProcessInitializeOnLoadAttributes (346ms)
				ProcessInitializeOnLoadMethodAttributes (41ms)
				AfterProcessingInitializeOnLoad (20ms)
				EditorAssembliesLoaded (0ms)
			ExecutionOrderSort2 (0ms)
			AwakeInstancesAfterBackupRestoration (14ms)
Platform modules already initialized, skipping
Refreshing native plugins compatible for Editor in 3.81 ms, found 3 plugins.
Preloading 0 native plugins for Editor in 0.00 ms.
Unloading 3721 Unused Serialized files (Serialized files now loaded: 0)
Unloading 19 unused Assets / (71.1 KB). Loaded Objects now: 4321.
Memory consumption went from 151.5 MB to 151.4 MB.
Total: 5.264500 ms (FindLiveObjects: 0.357000 ms CreateObjectMapping: 0.163600 ms MarkObjects: 4.616600 ms  DeleteObjects: 0.125500 ms)

AssetImportParameters requested are different than current active one (requested -> active):
  custom:video-decoder-ogg-theora: a1e56fd34408186e4bbccfd4996cb3dc -> 
  custom:container-muxer-webm: aa71ff27fc2769a1b78a27578f13a17b -> 
  custom:container-demuxer-webm: 4f35f7cbe854078d1ac9338744f61a02 -> 
  custom:video-encoder-webm-vp8: eb34c28f22e8b96e1ab97ce403110664 -> 
  custom:audio-encoder-webm-vorbis: bf7c407c2cedff20999df2af8eb42d56 -> 
  custom:framework-win-MediaFoundation: 216162199b28c13a410421893ffa2e32 -> 
  custom:container-demuxer-ogg: 62fdf1f143b41e24485cea50d1cbac27 -> 
  custom:video-decoder-webm-vp8: 9c59270c3fd7afecdb556c50c9e8de78 -> 
  custom:audio-decoder-ogg-vorbis: bf7c407c2cedff20999df2af8eb42d56 -> 
========================================================================
Received Prepare
Registering precompiled user dll's ...
Registered in 0.029519 seconds.
Begin MonoManager ReloadAssembly
Symbol file LoadedFromMemory doesn't match image C:\Unity\Game\FeniksGame\Library\PackageCache\com.unity.visualscripting@1.7.8\Editor\VisualScripting.Core\Dependencies\YamlDotNet\Unity.VisualScripting.YamlDotNet.dll
Symbol file LoadedFromMemory doesn't match image C:\Unity\Game\FeniksGame\Library\PackageCache\com.unity.visualscripting@1.7.8\Editor\VisualScripting.Core\Dependencies\DotNetZip\Unity.VisualScripting.IonicZip.dll
Native extension for WindowsStandalone target not found
Native extension for WebGL target not found
Refreshing native plugins compatible for Editor in 1.27 ms, found 3 plugins.
Preloading 0 native plugins for Editor in 0.00 ms.
Mono: successfully reloaded assembly
- Completed reload, in  1.941 seconds
Domain Reload Profiling:
	ReloadAssembly (1942ms)
		BeginReloadAssembly (328ms)
			ExecutionOrderSort (0ms)
			DisableScriptedObjects (15ms)
			BackupInstance (0ms)
			ReleaseScriptingObjects (0ms)
			CreateAndSetChildDomain (65ms)
		EndReloadAssembly (1371ms)
			LoadAssemblies (237ms)
			RebuildTransferFunctionScriptingTraits (0ms)
			SetupTypeCache (492ms)
			ReleaseScriptCaches (2ms)
			RebuildScriptCaches (72ms)
			SetupLoadedEditorAssemblies (566ms)
				LogAssemblyErrors (0ms)
				InitializePlatformSupportModulesInManaged (26ms)
				SetLoadedEditorAssemblies (1ms)
				RefreshPlugins (1ms)
				BeforeProcessingInitializeOnLoad (122ms)
				ProcessInitializeOnLoadAttributes (361ms)
				ProcessInitializeOnLoadMethodAttributes (38ms)
				AfterProcessingInitializeOnLoad (16ms)
				EditorAssembliesLoaded (1ms)
			ExecutionOrderSort2 (0ms)
			AwakeInstancesAfterBackupRestoration (17ms)
Platform modules already initialized, skipping
Refreshing native plugins compatible for Editor in 3.46 ms, found 3 plugins.
Preloading 0 native plugins for Editor in 0.00 ms.
Unloading 3721 Unused Serialized files (Serialized files now loaded: 0)
Unloading 19 unused Assets / (63.3 KB). Loaded Objects now: 4324.
Memory consumption went from 151.5 MB to 151.4 MB.
Total: 5.843900 ms (FindLiveObjects: 0.349500 ms CreateObjectMapping: 0.183400 ms MarkObjects: 5.189100 ms  DeleteObjects: 0.119900 ms)

AssetImportParameters requested are different than current active one (requested -> active):
  custom:video-decoder-ogg-theora: a1e56fd34408186e4bbccfd4996cb3dc -> 
  custom:container-muxer-webm: aa71ff27fc2769a1b78a27578f13a17b -> 
  custom:container-demuxer-webm: 4f35f7cbe854078d1ac9338744f61a02 -> 
  custom:video-encoder-webm-vp8: eb34c28f22e8b96e1ab97ce403110664 -> 
  custom:audio-encoder-webm-vorbis: bf7c407c2cedff20999df2af8eb42d56 -> 
  custom:framework-win-MediaFoundation: 216162199b28c13a410421893ffa2e32 -> 
  custom:container-demuxer-ogg: 62fdf1f143b41e24485cea50d1cbac27 -> 
  custom:video-decoder-webm-vp8: 9c59270c3fd7afecdb556c50c9e8de78 -> 
  custom:audio-decoder-ogg-vorbis: bf7c407c2cedff20999df2af8eb42d56 -> 
========================================================================
Received Prepare
Registering precompiled user dll's ...
Registered in 0.014883 seconds.
Begin MonoManager ReloadAssembly
Symbol file LoadedFromMemory doesn't match image C:\Unity\Game\FeniksGame\Library\PackageCache\com.unity.visualscripting@1.7.8\Editor\VisualScripting.Core\Dependencies\YamlDotNet\Unity.VisualScripting.YamlDotNet.dll
Symbol file LoadedFromMemory doesn't match image C:\Unity\Game\FeniksGame\Library\PackageCache\com.unity.visualscripting@1.7.8\Editor\VisualScripting.Core\Dependencies\DotNetZip\Unity.VisualScripting.IonicZip.dll
Native extension for WindowsStandalone target not found
Native extension for WebGL target not found
Refreshing native plugins compatible for Editor in 1.12 ms, found 3 plugins.
Preloading 0 native plugins for Editor in 0.00 ms.
Mono: successfully reloaded assembly
- Completed reload, in  1.909 seconds
Domain Reload Profiling:
	ReloadAssembly (1911ms)
		BeginReloadAssembly (286ms)
			ExecutionOrderSort (0ms)
			DisableScriptedObjects (9ms)
			BackupInstance (0ms)
			ReleaseScriptingObjects (0ms)
			CreateAndSetChildDomain (59ms)
		EndReloadAssembly (1396ms)
			LoadAssemblies (266ms)
			RebuildTransferFunctionScriptingTraits (0ms)
			SetupTypeCache (468ms)
			ReleaseScriptCaches (2ms)
			RebuildScriptCaches (74ms)
			SetupLoadedEditorAssemblies (575ms)
				LogAssemblyErrors (0ms)
				InitializePlatformSupportModulesInManaged (22ms)
				SetLoadedEditorAssemblies (1ms)
				RefreshPlugins (1ms)
				BeforeProcessingInitializeOnLoad (126ms)
				ProcessInitializeOnLoadAttributes (372ms)
				ProcessInitializeOnLoadMethodAttributes (40ms)
				AfterProcessingInitializeOnLoad (13ms)
				EditorAssembliesLoaded (0ms)
			ExecutionOrderSort2 (0ms)
			AwakeInstancesAfterBackupRestoration (13ms)
Platform modules already initialized, skipping
Refreshing native plugins compatible for Editor in 3.67 ms, found 3 plugins.
Preloading 0 native plugins for Editor in 0.00 ms.
Unloading 3721 Unused Serialized files (Serialized files now loaded: 0)
Unloading 19 unused Assets / (71.0 KB). Loaded Objects now: 4327.
Memory consumption went from 151.5 MB to 151.4 MB.
Total: 5.714700 ms (FindLiveObjects: 0.477600 ms CreateObjectMapping: 0.492000 ms MarkObjects: 4.610600 ms  DeleteObjects: 0.132300 ms)

AssetImportParameters requested are different than current active one (requested -> active):
  custom:video-decoder-ogg-theora: a1e56fd34408186e4bbccfd4996cb3dc -> 
  custom:container-muxer-webm: aa71ff27fc2769a1b78a27578f13a17b -> 
  custom:container-demuxer-webm: 4f35f7cbe854078d1ac9338744f61a02 -> 
  custom:video-encoder-webm-vp8: eb34c28f22e8b96e1ab97ce403110664 -> 
  custom:audio-encoder-webm-vorbis: bf7c407c2cedff20999df2af8eb42d56 -> 
  custom:framework-win-MediaFoundation: 216162199b28c13a410421893ffa2e32 -> 
  custom:container-demuxer-ogg: 62fdf1f143b41e24485cea50d1cbac27 -> 
  custom:video-decoder-webm-vp8: 9c59270c3fd7afecdb556c50c9e8de78 -> 
  custom:audio-decoder-ogg-vorbis: bf7c407c2cedff20999df2af8eb42d56 -> 
